<?xml version="1.0" encoding="UTF-8"?>
<beans:beans xmlns="http://www.springframework.org/schema/mvc"
	xmlns:xsi="http://www.w3.org/2001/XMLSchema-instance"
	xmlns:beans="http://www.springframework.org/schema/beans"
    xmlns:p="http://www.springframework.org/schema/p"
	xmlns:context="http://www.springframework.org/schema/context"
    xmlns:security="http://www.springframework.org/schema/security"
	xsi:schemaLocation="http://www.springframework.org/schema/mvc http://www.springframework.org/schema/mvc/spring-mvc-3.1.xsd
		http://www.springframework.org/schema/beans http://www.springframework.org/schema/beans/spring-beans-3.1.xsd
		http://www.springframework.org/schema/context http://www.springframework.org/schema/context/spring-context-3.1.xsd
        http://www.springframework.org/schema/security http://www.springframework.org/schema/security/spring-security-3.1.xsd">

   <!-- a REST template intended to unmarshall JSON messages -->
   <beans:bean id="restTemplate" class="org.springframework.web.client.RestTemplate">
   		<beans:constructor-arg ref="httpRequestFactory"/>
   </beans:bean>
   
   <beans:bean id="httpRequestFactory" class="org.springframework.http.client.HttpComponentsClientHttpRequestFactory">
		<beans:constructor-arg>
			<beans:bean class="org.apache.http.impl.client.DefaultHttpClient">
				<beans:property name="credentialsProvider">
					<beans:bean class="com.safe.stack.web.controller.CustomCredentialsProvider">
						<beans:property name="credentials">
							<beans:bean class="org.apache.http.auth.UsernamePasswordCredentials">
								<beans:constructor-arg name="userName" value="user1@recipe.com" />
								<beans:constructor-arg name="password" value="Passw0rd" />
							</beans:bean>
						</beans:property>
					</beans:bean>
				</beans:property>
			</beans:bean>
		</beans:constructor-arg>
	</beans:bean>

</beans:beans>
